21:44:50.179 Got a kill message. Killing runner.
22:41:43.293 Killing Gauge daemon. Parent process with pid 4412 has terminated.
t status 1).
21:48:40.925 Error while killing runner: invalid argument
21:48:40.925 Killing Gauge daemon. Runner with pid 4504 quit unexpectedly(exit status 1).
22:11:39.659 Checking updates...
22:11:46.833 # Specification Heading
22:11:46.837 ## Scenario Heading
22:11:46.859 * Setting up environment to run Android for Appium

22:11:57.238 * Validate that the application can read the text of "Bullshit"

22:12:05.927 * Closing the driver
22:12:09.851 Plugin [Html Report] with pid [1748] has exited
22:12:09.952 Specifications:	1 executed	1 passed	0 failed	0 skipped
22:12:09.952 Scenarios:	1 executed	1 passed	0 failed	0 skipped
22:12:09.972 
Total time taken: 20.966s
22:12:09.982 Updates are available. Run gauge --check-updates for more info.
22:21:44.385 Checking updates...
22:21:50.142 # Specification Heading
22:21:50.146 ## Scenario Heading
22:21:50.150 * Setting up environment to run Android for Appium

22:21:58.386 * Validate that the application can read the text 

     |Text To Read |
     |-------------|
     |Zocor        |
     |Synthroid    |
     |Hydrocodon...|
     |Azithromyc...|
     |Hydrochlor...|
22:22:59.165 * Closing the driver
22:23:00.856 Plugin [Html Report] with pid [3904] has exited
22:23:00.958 Specifications:	1 executed	1 passed	0 failed	0 skipped
22:23:00.958 Scenarios:	1 executed	1 passed	0 failed	0 skipped
22:23:00.958 
Total time taken: 1m10.659s
22:23:00.958 Updates are available. Run gauge --check-updates for more info.
22:30:40.987 Checking updates...
22:30:46.444 # Speak Test Specification
22:30:46.451 ## TTS Testing Scenario
22:30:46.458 * Setting up environment to run Android in Appium

22:30:54.548 * Validate that the application can read the text 

     |Text To Speech                        |
     |--------------------------------------|
     |Behavioral Driven Testing using Appium|
     |Mitra Innovation                      |
     |Software Test Automation              |
     |Gauge Framework                       |
     |Selenium Java                         |
22:31:57.067 * Closing the driver
22:31:58.856 Plugin [Html Report] with pid [1180] has exited
22:31:58.957 Specifications:	1 executed	1 passed	0 failed	0 skipped
22:31:58.957 Scenarios:	1 executed	1 passed	0 failed	0 skipped
22:31:58.957 
Total time taken: 1m12.297s
22:31:58.957 Updates are available. Run gauge --check-updates for more info.
22:35:43.697 Checking updates...
22:35:52.705 # Speak Test Specification
22:35:52.710 ## TTS Testing Scenario
22:35:52.715 * Setting up environment to run Android in Appium

22:36:02.461 * Validate that the application can read the text 

     |Text To Speech                        |
     |--------------------------------------|
     |Behavioral Driven Testing using Appium|
     |Mitra Innovation                      |
     |Software Test Automation              |
     |Gauge Framework                       |
     |Selenium Java                         |
22:37:03.570 * Closing the driver
22:37:05.467 Plugin [Html Report] with pid [268] has exited
22:37:05.568 Specifications:	1 executed	1 passed	0 failed	0 skipped
22:37:05.568 Scenarios:	1 executed	1 passed	0 failed	0 skipped
22:37:05.568 
Total time taken: 1m12.686s
22:37:05.568 Updates are available. Run gauge --check-updates for more info.
22:38:03.024 Got a kill message. Killing runner.
22:38:07.122 Killing runner with PID:4756 forcefully
22:39:31.553 Checking updates...
22:39:38.058 # Speak Test Specification
22:39:38.062 ## TTS Testing Scenario
22:39:38.067 * Setting up environment to run Android in Appium

22:39:46.709 * Validate that the application can read the text 

     |Text To Speech                        |
     |--------------------------------------|
     |Behavioral Driven Testing using Appium|
     |Mitra Innovation                      |
     |Software Test Automation              |
     |Gauge Framework                       |
     |Selenium Java                         |
22:40:48.982 * Closing the driver
22:40:50.676 Plugin [Html Report] with pid [8424] has exited
22:40:50.778 Specifications:	1 executed	1 passed	0 failed	0 skipped
22:40:50.778 Scenarios:	1 executed	1 passed	0 failed	0 skipped
22:40:50.778 
Total time taken: 1m12.583s
22:40:50.778 Updates are available. Run gauge --check-updates for more info.
10:40:18.622 Got a kill message. Killing runner.
10:40:22.712 Killing runner with PID:8480 forcefully
11:07:15.205 Checking updates...
11:07:20.031 # Speak Test Specification
11:07:20.035 ## TTS Testing Scenario
11:07:20.043 * Setting up environment to run Android in Appium

11:07:30.429 * Validate that the application can read the text <table:/resources/TextToSpeech.csv>

11:08:32.507 * Closing the driver
11:08:34.493 Plugin [Html Report] with pid [7648] has exited
11:08:34.594 Specifications:	1 executed	1 passed	0 failed	0 skipped
11:08:34.594 Scenarios:	1 executed	1 passed	0 failed	0 skipped
11:08:34.609 
Total time taken: 1m14.364s
11:08:34.618 Updates are available. Run gauge --check-updates for more info.
11:12:18.226 Checking updates...
11:12:23.916 # Speak Test Specification
11:12:23.921 ## TTS Testing Scenario
11:12:23.927 * Setting up environment to run Android in Appium

11:12:32.285 * Validate that the application can read the text 

     |Text To Speech                        |
     |--------------------------------------|
     |Behavioral Driven Testing using Appium|
     |Mitra Innovation                      |
     |Software Test Automation              |
     |Gauge Framework                       |
     |Selenium Java                         |
11:13:34.889 * Closing the driver
11:13:36.546 Plugin [Html Report] with pid [2968] has exited
11:13:36.715 Specifications:	1 executed	1 passed	0 failed	0 skipped
11:13:36.715 Scenarios:	1 executed	1 passed	0 failed	0 skipped
11:13:36.715 
Total time taken: 1m12.623s
11:13:36.715 Updates are available. Run gauge --check-updates for more info.
11:15:12.465 Checking updates...
11:15:18.557 # Speak Test Specification
11:15:18.561 ## TTS Testing Scenario
11:15:18.565 * Setting up environment to run Android in Appium

11:15:26.862 * Validate that the application can read the text 

     |Text To Speech                        |
     |--------------------------------------|
     |Behavioral Driven Testing using Appium|
     |Mitra Innovation                      |
     |Software Test Automation              |
     |Gauge Framework                       |
     |Selenium Java                         |
11:16:29.290 * Closing the driver
11:16:31.038 Plugin [Html Report] with pid [2096] has exited
11:16:31.140 Specifications:	1 executed	1 passed	0 failed	0 skipped
11:16:31.140 Scenarios:	1 executed	1 passed	0 failed	0 skipped
11:16:31.140 
Total time taken: 1m12.368s
11:16:31.140 Updates are available. Run gauge --check-updates for more info.
18:45:45.790 Got a kill message. Killing runner.
18:45:49.970 Killing runner with PID:5404 forcefully
18:48:22.609 Checking updates...
18:48:26.668 # Speak Test Specification
18:48:26.671 ## TTS Testing Scenario
18:48:26.710 * Setting up environment to run Android in Appium

18:48:37.301 * Validate that the application can read the text 

     |Text To Speech                        |
     |--------------------------------------|
     |Behavioral Driven Testing using Appium|
     |Mitra Innovation                      |
     |Software Test Automation              |
     |Gauge Framework                       |
     |Selenium Java                         |
18:49:38.637 * Closing the driver
18:49:40.645 Plugin [Html Report] with pid [6488] has exited
18:49:40.747 Specifications:	1 executed	1 passed	0 failed	0 skipped
18:49:40.747 Scenarios:	1 executed	1 passed	0 failed	0 skipped
18:49:40.759 
Total time taken: 1m13.938s
18:49:40.768 Updates are available. Run gauge --check-updates for more info.
18:53:59.636 Checking updates...
18:54:08.215 # Speak Test Specification
18:54:08.219 ## TTS Testing Scenario
18:54:08.223 * Setting up environment to run Android in Appium

18:54:20.017 * Validate that the application can read the text 

     |Text To Speech                        |
     |--------------------------------------|
     |Behavioral Driven Testing using Appium|
     |Mitra Innovation                      |
     |Software Test Automation              |
     |Gauge Framework                       |
     |Selenium Java                         |
18:55:24.158 * Closing the driver
18:55:26.379 Plugin [Html Report] with pid [2320] has exited
18:55:26.487 Specifications:	1 executed	1 passed	0 failed	0 skipped
18:55:26.487 Scenarios:	1 executed	1 passed	0 failed	0 skipped
18:55:26.487 
Total time taken: 1m18.083s
18:55:26.487 Updates are available. Run gauge --check-updates for more info.
19:01:39.411 Checking updates...
19:01:49.783 # Speak Test Specification
19:01:49.788 ## TTS Testing Scenario
19:01:49.792 * Setting up environment to run Android in Appium

19:02:01.819 * Validate that the application can read the text 

     |Text To Speech                        |
     |--------------------------------------|
     |Behavioral Driven Testing using Appium|
     |Mitra Innovation                      |
     |Software Test Automation              |
     |Gauge Framework                       |
     |Selenium Java                         |
19:02:24.010 
Failed Step: Validate that the application can read the text
19:02:24.010 Specification: specs\SpeakTest.spec:14
19:02:24.010 Error Message: org.openqa.selenium.NoSuchElementException: An element could not be located on the page using the given search parameters. (WARNING: The server did not provide any stacktrace information)
Command duration or timeout: 459 milliseconds
For documentation on this error, please visit: http://seleniumhq.org/exceptions/no_such_element.html
Build info: version: '2.46.0', revision: '61506a4624b13675f24581e453592342b7485d71', time: '2015-06-04 10:22:50'
System info: host: 'DESKTOP-A1EB59J', ip: '169.254.253.79', os.name: 'Windows 10', os.arch: 'amd64', os.version: '10.0', java.version: '1.8.0_101'
Driver info: io.appium.java_client.android.AndroidDriver
Capabilities [{app=C:\Users\Osanda Deshan\IdeaProjects\BDT-Orator-Testing\resources\Orator.apk, appPackage=maxsoft.osanda.com.oratortextreader, deviceScreenSize=768x1280, networkConnectionEnabled=true, warnings={}, appWaitPackage=maxsoft.osanda.com.oratortextreader, appWaitActivity=com.osanda.maxsoft.textreader.MainActivity, databaseEnabled=false, deviceName=192.168.113.101:5555, version=5.1.0, platform=LINUX, deviceUDID=192.168.113.101:5555, appActivity=com.osanda.maxsoft.textreader.MainActivity, desired={app=C:\Users\Osanda Deshan\IdeaProjects\BDT-Orator-Testing\resources\Orator.apk, appPackage=maxsoft.osanda.com.oratortextreader, platformName=Android, deviceName=Android, version=5.1.0}, platformVersion=5.1, webStorageEnabled=false, locationContextEnabled=false, takesScreenshot=true, javascriptEnabled=true, deviceModel=Custom Phone - 5.1.0 - API 22 - 768x1280, platformName=Android, deviceManufacturer=unknown}]
Session ID: 873bf2dc-3900-4fce-835e-a3b252365724
*** Element info: {Using=id, value=maxsoft.osanda.com.oratortextreader:id/btnSpeak}
19:02:24.010 Stacktrace: 
sun.reflect.NativeConstructorAccessorImpl.newInstance0(Native Method)
sun.reflect.NativeConstructorAccessorImpl.newInstance(NativeConstructorAccessorImpl.java:62)
sun.reflect.DelegatingConstructorAccessorImpl.newInstance(DelegatingConstructorAccessorImpl.java:45)
java.lang.reflect.Constructor.newInstance(Constructor.java:423)
org.openqa.selenium.remote.ErrorHandler.createThrowable(ErrorHandler.java:204)
org.openqa.selenium.remote.ErrorHandler.throwIfResponseFailed(ErrorHandler.java:156)
org.openqa.selenium.remote.RemoteWebDriver.execute(RemoteWebDriver.java:605)
io.appium.java_client.DefaultGenericMobileDriver.execute(DefaultGenericMobileDriver.java:27)
io.appium.java_client.AppiumDriver.execute(AppiumDriver.java:1)
io.appium.java_client.android.AndroidDriver.execute(AndroidDriver.java:1)
org.openqa.selenium.remote.RemoteWebDriver.findElement(RemoteWebDriver.java:358)
org.openqa.selenium.remote.RemoteWebDriver.findElementById(RemoteWebDriver.java:399)
io.appium.java_client.DefaultGenericMobileDriver.findElementById(DefaultGenericMobileDriver.java:47)
io.appium.java_client.AppiumDriver.findElementById(AppiumDriver.java:1)
io.appium.java_client.android.AndroidDriver.findElementById(AndroidDriver.java:1)
org.openqa.selenium.By$ById.findElement(By.java:215)
org.openqa.selenium.remote.RemoteWebDriver.findElement(RemoteWebDriver.java:350)
io.appium.java_client.DefaultGenericMobileDriver.findElement(DefaultGenericMobileDriver.java:37)
io.appium.java_client.AppiumDriver.findElement(AppiumDriver.java:1)
io.appium.java_client.android.AndroidDriver.findElement(AndroidDriver.java:1)
org.openqa.selenium.support.pagefactory.DefaultElementLocator.findElement(DefaultElementLocator.java:69)
org.openqa.selenium.support.pagefactory.internal.LocatingElementHandler.invoke(LocatingElementHandler.java:38)
com.sun.proxy.$Proxy5.click(Unknown Source)
pages.OratorPage.speakTest(OratorPage.java:22)
scenarios.TestScenario.oratorSpeakTest(TestScenario.java:38)
sun.reflect.NativeMethodAccessorImpl.invoke0(Native Method)
sun.reflect.NativeMethodAccessorImpl.invoke(NativeMethodAccessorImpl.java:62)
sun.reflect.DelegatingMethodAccessorImpl.invoke(DelegatingMethodAccessorImpl.java:43)
java.lang.reflect.Method.invoke(Method.java:498)
com.thoughtworks.gauge.execution.MethodExecutor.execute(MethodExecutor.java:38)
com.thoughtworks.gauge.execution.StepExecutionStage.executeStepMethod(StepExecutionStage.java:130)
com.thoughtworks.gauge.execution.StepExecutionStage.executeStep(StepExecutionStage.java:86)
com.thoughtworks.gauge.execution.StepExecutionStage.execute(StepExecutionStage.java:67)
com.thoughtworks.gauge.execution.AbstractExecutionStage.executeNext(AbstractExecutionStage.java:24)
com.thoughtworks.gauge.execution.HookExecutionStage.execute(HookExecutionStage.java:43)
com.thoughtworks.gauge.execution.ExecutionPipeline.start(ExecutionPipeline.java:29)
com.thoughtworks.gauge.processor.ExecuteStepProcessor.process(ExecuteStepProcessor.java:39)
com.thoughtworks.gauge.connection.MessageDispatcher.dispatchMessages(MessageDispatcher.java:89)
com.thoughtworks.gauge.GaugeRuntime.dispatchMessages(GaugeRuntime.java:104)
com.thoughtworks.gauge.GaugeRuntime.access$100(GaugeRuntime.java:36)
com.thoughtworks.gauge.GaugeRuntime$2.run(GaugeRuntime.java:85)
java.lang.Thread.run(Thread.java:745)
19:02:24.015 * Closing the driver
19:02:26.956 Plugin [Html Report] with pid [3916] has exited
19:02:27.159 Specifications:	1 executed	0 passed	1 failed	0 skipped
19:02:27.159 Scenarios:	1 executed	0 passed	1 failed	0 skipped
19:02:27.159 
Total time taken: 37.219s
19:02:27.159 Updates are available. Run gauge --check-updates for more info.
19:04:10.747 Checking updates...
19:04:21.192 # Speak Test Specification
19:04:21.196 ## TTS Testing Scenario
19:04:21.203 * Setting up environment to run Android in Appium

19:04:33.237 * Validate that the application can read the text 

     |Text To Speech                        |
     |--------------------------------------|
     |Behavioral Driven Testing using Appium|
     |Mitra Innovation                      |
     |Software Test Automation              |
     |Gauge Framework                       |
     |Selenium Java                         |
19:05:37.096 * Closing the driver
19:05:39.258 Plugin [Html Report] with pid [3264] has exited
19:05:39.365 Specifications:	1 executed	1 passed	0 failed	0 skipped
19:05:39.365 Scenarios:	1 executed	1 passed	0 failed	0 skipped
19:05:39.365 
Total time taken: 1m18.091s
19:05:39.365 Updates are available. Run gauge --check-updates for more info.
19:24:44.708 Checking updates...
19:24:49.361 # Speak Test Specification
19:24:49.365 ## TTS Testing Scenario
19:24:49.369 * Setting up environment to run Android in Appium

19:24:57.566 * Validate that the application can read the text 

     |Text To Speech                        |
     |--------------------------------------|
     |Behavioral Driven Testing using Appium|
     |Mitra Innovation                      |
     |Software Test Automation              |
     |Gauge Framework                       |
     |Selenium Java                         |
19:25:59.342 * Closing the driver
19:26:01.178 Plugin [Html Report] with pid [7028] has exited
19:26:01.279 Specifications:	1 executed	1 passed	0 failed	0 skipped
19:26:01.279 Scenarios:	1 executed	1 passed	0 failed	0 skipped
19:26:01.279 
Total time taken: 1m11.697s
19:26:01.279 Updates are available. Run gauge --check-updates for more info.
